2020-07-22 07:59:09 INFO  Log:11 - =====================================verifyTotalPrice TEST START=========================================
2020-07-22 07:59:28 INFO  Log:15 - =====================================verifyTotalPrice TEST END=========================================
2020-07-22 07:59:42 INFO  Log:11 - =====================================addToCartTest TEST START=========================================
2020-07-22 07:59:53 INFO  Log:15 - =====================================addToCartTest TEST END=========================================
2020-07-22 08:00:07 INFO  Log:11 - =====================================endToEndTest TEST START=========================================
2020-07-22 08:00:40 INFO  Log:15 - =====================================endToEndTest TEST END=========================================
2020-07-23 12:15:11 INFO  Log:11 - =====================================loginTest TEST START=========================================
2020-07-23 12:15:11 INFO  Log:22 - user is going to click on SignIn
2020-07-23 12:15:17 INFO  Log:22 - Enter Username and Password
2020-07-23 12:15:22 INFO  Log:22 - Verifying if user is able to login
2020-07-23 12:15:22 INFO  Log:22 - Login is Sucess
2020-07-23 12:15:22 INFO  Log:15 - =====================================loginTest TEST END=========================================
2020-07-23 12:15:42 INFO  Log:11 - =====================================endToEndTest TEST START=========================================
2020-07-23 12:16:18 INFO  Log:15 - =====================================endToEndTest TEST END=========================================
2020-07-23 12:16:33 INFO  Log:11 - =====================================verifyCreateAccountPageTest TEST START=========================================
2020-07-23 12:16:44 INFO  Log:15 - =====================================verifyCreateAccountPageTest TEST END=========================================
2020-07-23 12:16:59 INFO  Log:11 - =====================================verifyLogo TEST START=========================================
2020-07-23 12:16:59 INFO  Log:15 - =====================================verifyLogo TEST END=========================================
2020-07-23 12:17:14 INFO  Log:11 - =====================================verifyTitle TEST START=========================================
2020-07-23 12:17:14 INFO  Log:15 - =====================================verifyTitle TEST END=========================================
2020-07-23 12:17:28 INFO  Log:11 - =====================================productAvailabilityTest TEST START=========================================
2020-07-23 12:17:33 INFO  Log:15 - =====================================productAvailabilityTest TEST END=========================================
2020-07-23 12:17:49 INFO  Log:11 - =====================================orderHistoryandDetailsTest TEST START=========================================
2020-07-23 12:18:01 INFO  Log:15 - =====================================orderHistoryandDetailsTest TEST END=========================================
2020-07-23 12:18:17 INFO  Log:11 - =====================================endToEndTest TEST START=========================================
2020-07-23 12:18:28 INFO  Log:15 - =====================================endToEndTest TEST END=========================================
2020-07-23 12:18:50 INFO  Log:11 - =====================================verifyTotalPrice TEST START=========================================
2020-07-23 12:19:05 INFO  Log:15 - =====================================verifyTotalPrice TEST END=========================================
2020-07-23 12:19:24 INFO  Log:11 - =====================================addToCartTest TEST START=========================================
2020-07-23 12:19:35 INFO  Log:15 - =====================================addToCartTest TEST END=========================================
2020-07-23 12:23:44 INFO  Log:11 - =====================================loginTest TEST START=========================================
2020-07-23 12:23:45 INFO  Log:22 - user is going to click on SignIn
2020-07-23 12:24:31 INFO  Log:11 - =====================================loginTest TEST START=========================================
2020-07-23 12:24:31 INFO  Log:22 - user is going to click on SignIn
2020-07-23 12:24:40 INFO  Log:22 - Enter Username and Password
2020-07-24 11:43:54 INFO  Log:11 - =====================================loginTest TEST START=========================================
2020-07-24 11:43:54 INFO  Log:22 - user is going to click on SignIn
2020-07-24 11:44:48 INFO  Log:11 - =====================================loginTest TEST START=========================================
2020-07-24 11:44:48 INFO  Log:22 - user is going to click on SignIn
2020-07-24 11:44:54 INFO  Log:22 - Enter Username and Password
2020-07-24 11:44:59 INFO  Log:22 - Verifying if user is able to login
2020-07-24 11:44:59 INFO  Log:22 - Login is Sucess
2020-07-24 11:44:59 INFO  Log:15 - =====================================loginTest TEST END=========================================
2020-07-24 11:45:16 INFO  Log:11 - =====================================endToEndTest TEST START=========================================
2020-07-24 11:45:51 INFO  Log:15 - =====================================endToEndTest TEST END=========================================
2020-07-24 11:46:03 INFO  Log:11 - =====================================verifyCreateAccountPageTest TEST START=========================================
2020-07-24 11:46:12 INFO  Log:15 - =====================================verifyCreateAccountPageTest TEST END=========================================
2020-07-24 11:46:30 INFO  Log:11 - =====================================verifyLogo TEST START=========================================
2020-07-24 11:46:30 INFO  Log:15 - =====================================verifyLogo TEST END=========================================
2020-07-24 11:46:46 INFO  Log:11 - =====================================verifyTitle TEST START=========================================
2020-07-24 11:46:46 INFO  Log:15 - =====================================verifyTitle TEST END=========================================
2020-07-24 11:47:03 INFO  Log:11 - =====================================productAvailabilityTest TEST START=========================================
2020-07-24 11:47:06 INFO  Log:15 - =====================================productAvailabilityTest TEST END=========================================
2020-07-24 12:08:59 INFO  Log:11 - =====================================loginTest TEST START=========================================
2020-07-24 12:08:59 INFO  Log:22 - user is going to click on SignIn
2020-07-24 12:09:05 INFO  Log:22 - Enter Username and Password
2020-07-24 12:09:10 INFO  Log:22 - Verifying if user is able to login
2020-07-24 12:09:10 INFO  Log:22 - Login is Sucess
2020-07-24 12:09:10 INFO  Log:15 - =====================================loginTest TEST END=========================================
2020-07-24 12:09:37 INFO  Log:11 - =====================================endToEndTest TEST START=========================================
2020-07-24 12:10:12 INFO  Log:15 - =====================================endToEndTest TEST END=========================================
2020-07-24 12:10:25 INFO  Log:11 - =====================================verifyCreateAccountPageTest TEST START=========================================
2020-07-24 12:10:32 INFO  Log:15 - =====================================verifyCreateAccountPageTest TEST END=========================================
2020-07-24 12:10:44 INFO  Log:11 - =====================================verifyLogo TEST START=========================================
2020-07-24 12:10:44 INFO  Log:15 - =====================================verifyLogo TEST END=========================================
2020-07-24 12:11:08 INFO  Log:11 - =====================================verifyTitle TEST START=========================================
2020-07-24 12:11:08 INFO  Log:15 - =====================================verifyTitle TEST END=========================================
2020-07-24 12:11:26 INFO  Log:11 - =====================================productAvailabilityTest TEST START=========================================
2020-07-24 12:11:31 INFO  Log:15 - =====================================productAvailabilityTest TEST END=========================================
2020-07-24 12:11:49 INFO  Log:11 - =====================================orderHistoryandDetailsTest TEST START=========================================
2020-07-24 12:11:58 INFO  Log:15 - =====================================orderHistoryandDetailsTest TEST END=========================================
2020-07-24 12:12:18 INFO  Log:11 - =====================================endToEndTest TEST START=========================================
2020-07-24 12:12:27 INFO  Log:15 - =====================================endToEndTest TEST END=========================================
2020-07-24 12:12:43 INFO  Log:11 - =====================================verifyTotalPrice TEST START=========================================
2020-07-24 12:13:03 INFO  Log:15 - =====================================verifyTotalPrice TEST END=========================================
2020-07-24 12:13:16 INFO  Log:11 - =====================================addToCartTest TEST START=========================================
2020-07-24 12:13:26 INFO  Log:15 - =====================================addToCartTest TEST END=========================================
2020-07-24 12:29:50 INFO  Log:11 - =====================================loginTest TEST START=========================================
2020-07-24 12:29:50 INFO  Log:22 - user is going to click on SignIn
2020-07-24 12:29:57 INFO  Log:22 - Enter Username and Password
2020-07-24 12:30:02 INFO  Log:22 - Verifying if user is able to login
2020-07-24 12:30:02 INFO  Log:22 - Login is Sucess
2020-07-24 12:30:02 INFO  Log:15 - =====================================loginTest TEST END=========================================
2020-07-24 12:30:19 INFO  Log:11 - =====================================endToEndTest TEST START=========================================
2020-07-24 12:30:56 INFO  Log:15 - =====================================endToEndTest TEST END=========================================
2020-07-24 12:31:16 INFO  Log:11 - =====================================verifyCreateAccountPageTest TEST START=========================================
2020-07-24 12:31:25 INFO  Log:15 - =====================================verifyCreateAccountPageTest TEST END=========================================
2020-07-24 12:31:43 INFO  Log:11 - =====================================verifyLogo TEST START=========================================
2020-07-24 12:31:43 INFO  Log:15 - =====================================verifyLogo TEST END=========================================
2020-07-24 12:31:58 INFO  Log:11 - =====================================verifyTitle TEST START=========================================
2020-07-24 12:31:58 INFO  Log:15 - =====================================verifyTitle TEST END=========================================
2020-07-24 12:32:11 INFO  Log:11 - =====================================productAvailabilityTest TEST START=========================================
2020-07-24 12:32:15 INFO  Log:15 - =====================================productAvailabilityTest TEST END=========================================
2020-07-24 12:32:31 INFO  Log:11 - =====================================orderHistoryandDetailsTest TEST START=========================================
2020-07-24 12:32:40 INFO  Log:15 - =====================================orderHistoryandDetailsTest TEST END=========================================
2020-07-24 12:32:54 INFO  Log:11 - =====================================endToEndTest TEST START=========================================
2020-07-24 12:33:31 INFO  Log:11 - =====================================verifyTotalPrice TEST START=========================================
2020-07-24 12:33:48 INFO  Log:15 - =====================================verifyTotalPrice TEST END=========================================
2020-07-24 12:34:01 INFO  Log:11 - =====================================addToCartTest TEST START=========================================
2020-07-24 12:34:12 INFO  Log:15 - =====================================addToCartTest TEST END=========================================
2020-07-24 12:36:25 INFO  Log:11 - =====================================loginTest TEST START=========================================
2020-07-24 12:36:25 INFO  Log:22 - user is going to click on SignIn
2020-07-24 12:36:30 INFO  Log:22 - Enter Username and Password
2020-07-24 12:36:37 INFO  Log:22 - Verifying if user is able to login
2020-07-24 12:36:37 INFO  Log:22 - Login is Sucess
2020-07-24 12:36:37 INFO  Log:15 - =====================================loginTest TEST END=========================================
2020-07-24 12:36:51 INFO  Log:11 - =====================================endToEndTest TEST START=========================================
2020-07-24 12:37:23 INFO  Log:15 - =====================================endToEndTest TEST END=========================================
2020-07-24 12:37:39 INFO  Log:11 - =====================================verifyCreateAccountPageTest TEST START=========================================
2020-07-24 12:37:47 INFO  Log:15 - =====================================verifyCreateAccountPageTest TEST END=========================================
2020-07-24 12:37:59 INFO  Log:11 - =====================================verifyLogo TEST START=========================================
2020-07-24 12:37:59 INFO  Log:15 - =====================================verifyLogo TEST END=========================================
2020-07-24 12:38:13 INFO  Log:11 - =====================================verifyTitle TEST START=========================================
2020-07-24 12:38:13 INFO  Log:15 - =====================================verifyTitle TEST END=========================================
2020-07-24 12:38:26 INFO  Log:11 - =====================================productAvailabilityTest TEST START=========================================
2020-07-24 12:38:30 INFO  Log:15 - =====================================productAvailabilityTest TEST END=========================================
2020-07-24 12:38:43 INFO  Log:11 - =====================================orderHistoryandDetailsTest TEST START=========================================
2020-07-24 12:38:51 INFO  Log:15 - =====================================orderHistoryandDetailsTest TEST END=========================================
2020-07-24 12:39:07 INFO  Log:11 - =====================================endToEndTest TEST START=========================================
2020-07-24 12:39:16 INFO  Log:15 - =====================================endToEndTest TEST END=========================================
2020-07-24 12:39:29 INFO  Log:11 - =====================================verifyTotalPrice TEST START=========================================
2020-07-24 12:39:43 INFO  Log:15 - =====================================verifyTotalPrice TEST END=========================================
2020-07-24 12:40:00 INFO  Log:11 - =====================================addToCartTest TEST START=========================================
2020-07-24 14:18:12 INFO  Log:11 - =====================================loginTest TEST START=========================================
2020-07-24 14:18:12 INFO  Log:22 - user is going to click on SignIn
2020-07-24 14:18:18 INFO  Log:22 - Enter Username and Password
2020-07-24 14:18:26 INFO  Log:22 - Verifying if user is able to login
2020-07-24 14:18:26 INFO  Log:22 - Login is Sucess
2020-07-24 14:18:26 INFO  Log:15 - =====================================loginTest TEST END=========================================
2020-07-24 14:18:47 INFO  Log:11 - =====================================endToEndTest TEST START=========================================
2020-07-24 14:19:19 INFO  Log:15 - =====================================endToEndTest TEST END=========================================
2020-07-24 14:20:21 INFO  Log:11 - =====================================verifyLogo TEST START=========================================
2020-07-24 14:20:21 INFO  Log:15 - =====================================verifyLogo TEST END=========================================
2020-07-24 14:20:49 INFO  Log:11 - =====================================verifyTitle TEST START=========================================
2020-07-24 14:20:49 INFO  Log:15 - =====================================verifyTitle TEST END=========================================
2020-07-24 14:21:14 INFO  Log:11 - =====================================productAvailabilityTest TEST START=========================================
2020-07-24 14:21:21 INFO  Log:15 - =====================================productAvailabilityTest TEST END=========================================
2020-07-24 14:21:50 INFO  Log:11 - =====================================orderHistoryandDetailsTest TEST START=========================================
2020-07-24 14:22:02 INFO  Log:15 - =====================================orderHistoryandDetailsTest TEST END=========================================
2020-07-24 14:22:30 INFO  Log:11 - =====================================endToEndTest TEST START=========================================
2020-07-24 14:22:41 INFO  Log:15 - =====================================endToEndTest TEST END=========================================
2020-07-24 14:23:15 INFO  Log:11 - =====================================verifyTotalPrice TEST START=========================================
2020-07-24 14:23:31 INFO  Log:15 - =====================================verifyTotalPrice TEST END=========================================
2020-07-24 14:23:47 INFO  Log:11 - =====================================addToCartTest TEST START=========================================
2020-07-24 14:24:00 INFO  Log:15 - =====================================addToCartTest TEST END=========================================
2020-08-29 13:57:20 INFO  Log:11 - =====================================loginTest TEST START=========================================
2020-08-29 13:57:20 INFO  Log:22 - user is going to click on SignIn
2020-08-29 13:57:26 INFO  Log:22 - Enter Username and Password
2022-01-30 07:55:38 INFO  Log:11 - =====================================orderHistoryandDetailsTest TEST START=========================================
2022-01-30 07:56:02 INFO  Log:11 - =====================================endToEndTest TEST START=========================================
2022-01-30 07:56:25 INFO  Log:11 - =====================================productAvailabilityTest TEST START=========================================
2022-02-04 16:54:37 INFO  Log:11 - =====================================loginTest TEST START=========================================
2022-02-04 16:54:37 INFO  Log:22 - user is going to click on SignIn
2022-02-04 16:54:57 INFO  Log:22 - Enter Username and Password
2022-02-04 16:55:08 INFO  Log:22 - Verifying if user is able to login
2022-02-04 16:55:08 INFO  Log:22 - Login is Sucess
2022-02-04 16:55:08 INFO  Log:15 - =====================================loginTest TEST END=========================================
2022-02-04 16:55:18 INFO  Log:11 - =====================================endToEndTest TEST START=========================================
2022-02-04 16:56:02 INFO  Log:15 - =====================================endToEndTest TEST END=========================================
2022-02-04 16:56:15 INFO  Log:11 - =====================================verifyCreateAccountPageTest TEST START=========================================
2022-02-04 16:56:43 INFO  Log:11 - =====================================verifyLogo TEST START=========================================
2022-02-04 16:56:43 INFO  Log:15 - =====================================verifyLogo TEST END=========================================
2022-02-04 16:56:54 INFO  Log:11 - =====================================verifyTitle TEST START=========================================
2022-02-04 16:56:54 INFO  Log:15 - =====================================verifyTitle TEST END=========================================
2022-02-04 16:57:05 INFO  Log:11 - =====================================productAvailabilityTest TEST START=========================================
2022-02-04 16:57:12 INFO  Log:15 - =====================================productAvailabilityTest TEST END=========================================
2022-02-04 16:57:23 INFO  Log:11 - =====================================orderHistoryandDetailsTest TEST START=========================================
2022-02-04 16:57:33 INFO  Log:15 - =====================================orderHistoryandDetailsTest TEST END=========================================
2022-02-04 16:57:43 INFO  Log:11 - =====================================endToEndTest TEST START=========================================
2022-02-04 16:58:03 INFO  Log:15 - =====================================endToEndTest TEST END=========================================
2022-02-04 16:58:13 INFO  Log:11 - =====================================verifyTotalPrice TEST START=========================================
2022-02-04 16:58:30 INFO  Log:15 - =====================================verifyTotalPrice TEST END=========================================
2022-02-04 16:58:40 INFO  Log:11 - =====================================addToCartTest TEST START=========================================
